<?xml version="1.0" encoding="UTF-8"?><testrun name="Carnival" project="CarnivalChallenge" tests="2" started="2" failures="2" errors="0" ignored="0">
  <testsuite name="com.zemoga.technicalchallenge.runners.Carnival" time="125.182">
    <testsuite name="Feature: Carnival page to Search Cruises" time="125.182">
      <testcase name="Search cruises" classname="Carnival page to Search Cruises" time="81.938">
        <failure>java.lang.AssertionError: Expected change result after filter
Expected: is &lt;true&gt;
     but: was &lt;false&gt;&#13;
	at net.serenitybdd.screenplay.ErrorTally.throwSummaryExceptionFrom(ErrorTally.java:36)&#13;
	at net.serenitybdd.screenplay.ErrorTally.reportAnyErrors(ErrorTally.java:30)&#13;
	at net.serenitybdd.screenplay.Actor.should(Actor.java:291)&#13;
	at com.zemoga.technicalchallenge.stepdefinitions.CarnivalStepDefinition.verifyThatTheResultsDecreaseWithTheFilter(CarnivalStepDefinition.java:54)&#13;
	at ✽.Verify that the results decrease with the filter(src/test/resources/features/carnival.feature:8)&#13;
&#13;
</failure>
      </testcase>
      <testcase name="See the itinerary of trip" classname="Carnival page to Search Cruises" time="42.914">
        <failure>java.lang.AssertionError: Expected itinerary is
Expected: is &lt;true&gt;
     but: was &lt;false&gt;&#13;
	at net.serenitybdd.screenplay.ErrorTally.throwSummaryExceptionFrom(ErrorTally.java:36)&#13;
	at net.serenitybdd.screenplay.ErrorTally.reportAnyErrors(ErrorTally.java:30)&#13;
	at net.serenitybdd.screenplay.Actor.should(Actor.java:291)&#13;
	at com.zemoga.technicalchallenge.stepdefinitions.CarnivalStepDefinition.verifyThatTheItineraryIsComplete(CarnivalStepDefinition.java:71)&#13;
	at ✽.Verify that the itinerary is complete(src/test/resources/features/carnival.feature:13)&#13;
&#13;
</failure>
      </testcase>
    </testsuite>
  </testsuite>
</testrun>
